<?xml version="1.0" encoding="UTF-8"?>
<!-- Generated by org.testng.reporters.JUnitReportReporter -->
<testsuite hostname="DESKTOP-AIJBEU9" failures="0" tests="2" name="practice.testNG1.AnnotationEx1" time="0.016" errors="0" timestamp="2025-06-10T10:31:51 IST" skipped="0">
  <testcase classname="practice.testNG1.AnnotationEx1" name="testMethod1" time="0.007"/>
  <testcase classname="practice.testNG1.AnnotationEx1" name="testMethod2" time="0.009"/>
</testsuite> <!-- practice.testNG1.AnnotationEx1 -->
