<?xml version="1.0" encoding="UTF-8"?>
<!-- Generated by org.testng.reporters.JUnitReportReporter -->
<testsuite hostname="DESKTOP-AIJBEU9" failures="0" tests="2" name="sample.testNG2.Sample1" time="14.498" errors="0" timestamp="2025-06-25T13:18:38 IST" skipped="0">
  <testcase classname="sample.testNG2.Sample1" name="verifyLoginPageTitle" time="8.395"/>
  <testcase classname="sample.testNG2.Sample1" name="verifyLoginURL" time="6.103"/>
</testsuite> <!-- sample.testNG2.Sample1 -->
