<?xml version="1.0" encoding="UTF-8"?>
<!-- Generated by org.testng.reporters.JUnitReportReporter -->
<testsuite hostname="DESKTOP-AIJBEU9" failures="0" tests="1" name="practice.testNG1.BeforeAfterMethodEx" time="0.015" errors="0" timestamp="2025-06-10T11:20:23 IST" skipped="0">
  <testcase classname="practice.testNG1.BeforeAfterMethodEx" name="test123" time="0.015"/>
</testsuite> <!-- practice.testNG1.BeforeAfterMethodEx -->
