<?xml version="1.0" encoding="UTF-8"?>
<!-- Generated by org.testng.reporters.JUnitReportReporter -->
<testsuite hostname="DESKTOP-AIJBEU9" failures="0" tests="1" name="practice.testNG1.Ex3" time="11.066" errors="0" timestamp="2025-06-10T11:20:23 IST" skipped="0">
  <testcase classname="practice.testNG1.Ex3" name="verifyLoginFunctionality" time="11.066"/>
</testsuite> <!-- practice.testNG1.Ex3 -->
